<?xml version="1.0" encoding="UTF-8"?>
<testng-results ignored="0" total="3" passed="3" failed="0" skipped="0">
  <reporter-output>
  </reporter-output>
  <suite started-at="2025-02-23T20:34:37 IST" name="ParallelTestSuite" finished-at="2025-02-23T20:35:02 IST" duration-ms="24605">
    <groups>
    </groups>
    <test started-at="2025-02-23T20:34:37 IST" name="Testtt1" finished-at="2025-02-23T20:34:46 IST" duration-ms="8335">
      <class name="JenkinsTests.Test3">
        <test-method is-config="true" signature="setUp()[pri:0, instance:JenkinsTests.Test3@3e8c3cb]" started-at="2025-02-23T20:34:37 IST" name="setUp" finished-at="2025-02-23T20:34:39 IST" duration-ms="1784" status="PASS">
          <reporter-output>
          </reporter-output>
        </test-method> <!-- setUp -->
        <test-method signature="testtExample()[pri:0, instance:JenkinsTests.Test3@3e8c3cb]" started-at="2025-02-23T20:34:39 IST" name="testtExample" finished-at="2025-02-23T20:34:45 IST" duration-ms="6240" status="PASS">
          <reporter-output>
          </reporter-output>
        </test-method> <!-- testtExample -->
        <test-method is-config="true" signature="tearDown()[pri:0, instance:JenkinsTests.Test3@3e8c3cb]" started-at="2025-02-23T20:34:45 IST" name="tearDown" finished-at="2025-02-23T20:34:46 IST" duration-ms="231" status="PASS">
          <reporter-output>
          </reporter-output>
        </test-method> <!-- tearDown -->
      </class> <!-- JenkinsTests.Test3 -->
    </test> <!-- Testtt1 -->
    <test started-at="2025-02-23T20:34:46 IST" name="Testtt2" finished-at="2025-02-23T20:34:53 IST" duration-ms="7714">
      <class name="JenkinsTests.Test2">
        <test-method is-config="true" signature="setUp()[pri:0, instance:JenkinsTests.Test2@536f2a7e]" started-at="2025-02-23T20:34:46 IST" name="setUp" finished-at="2025-02-23T20:34:47 IST" duration-ms="1017" status="PASS">
          <reporter-output>
          </reporter-output>
        </test-method> <!-- setUp -->
        <test-method signature="Example()[pri:0, instance:JenkinsTests.Test2@536f2a7e]" started-at="2025-02-23T20:34:47 IST" name="Example" finished-at="2025-02-23T20:34:53 IST" duration-ms="6525" status="PASS">
          <reporter-output>
          </reporter-output>
        </test-method> <!-- Example -->
        <test-method is-config="true" signature="tearDown()[pri:0, instance:JenkinsTests.Test2@536f2a7e]" started-at="2025-02-23T20:34:53 IST" name="tearDown" finished-at="2025-02-23T20:34:53 IST" duration-ms="167" status="PASS">
          <reporter-output>
          </reporter-output>
        </test-method> <!-- tearDown -->
      </class> <!-- JenkinsTests.Test2 -->
    </test> <!-- Testtt2 -->
    <test started-at="2025-02-23T20:34:53 IST" name="Testtt3" finished-at="2025-02-23T20:35:02 IST" duration-ms="8446">
      <class name="JenkinsTests.Test2">
        <test-method is-config="true" signature="setUp()[pri:0, instance:JenkinsTests.Test2@66982506]" started-at="2025-02-23T20:34:53 IST" name="setUp" finished-at="2025-02-23T20:34:54 IST" duration-ms="888" status="PASS">
          <reporter-output>
          </reporter-output>
        </test-method> <!-- setUp -->
        <test-method signature="Example()[pri:0, instance:JenkinsTests.Test2@66982506]" started-at="2025-02-23T20:34:54 IST" name="Example" finished-at="2025-02-23T20:35:02 IST" duration-ms="7375" status="PASS">
          <reporter-output>
          </reporter-output>
        </test-method> <!-- Example -->
        <test-method is-config="true" signature="tearDown()[pri:0, instance:JenkinsTests.Test2@66982506]" started-at="2025-02-23T20:35:02 IST" name="tearDown" finished-at="2025-02-23T20:35:02 IST" duration-ms="174" status="PASS">
          <reporter-output>
          </reporter-output>
        </test-method> <!-- tearDown -->
      </class> <!-- JenkinsTests.Test2 -->
    </test> <!-- Testtt3 -->
  </suite> <!-- ParallelTestSuite -->
</testng-results>
